#
# A fatal error has been detected by the Java Runtime Environment:
#
#  EXCEPTION_ACCESS_VIOLATION (0xc0000005) at pc=0x680ca8b6, pid=157936, tid=0x0000ffbc
#
# JRE version: Java(TM) SE Runtime Environment (8.0_144-b01) (build 1.8.0_144-b01)
# Java VM: Java HotSpot(TM) Client VM (25.144-b01 mixed mode windows-x86 )
# Problematic frame:
# C  [bwapi_bridge2_5.dll+0x5a8b6]
#
# Failed to write core dump. Minidumps are not enabled by default on client versions of Windows
#
# If you would like to submit a bug report, please visit:
#   http://bugreport.java.com/bugreport/crash.jsp
# The crash happened outside the Java Virtual Machine in native code.
# See problematic frame for where to report the bug.
#

---------------  T H R E A D  ---------------

Current thread (0x011dd000):  JavaThread "main" [_thread_in_native, id=65468, stack(0x02980000,0x029d0000)]

siginfo: ExceptionCode=0xc0000005, reading address 0x00000000

Registers:
EAX=0x00000000, EBX=0x15e113c0, ECX=0x011dd140, EDX=0x00000000
ESP=0x029cd858, EBP=0x029cd858, ESI=0x15e113c0, EDI=0x011dd000
EIP=0x680ca8b6, EFLAGS=0x00010283

Top of Stack: (sp=0x029cd858)
0x029cd858:   029cd894 02add3d3 011dd140 029cd8ac
0x029cd868:   00000000 00000000 02add1c6 029cd874
0x029cd878:   15e113c0 029cd8ac 15ebdcd0 00000000
0x029cd888:   15e113c0 00000000 029cd8a4 029cd8d0
0x029cd898:   02ad4300 00000000 02ad9cf0 00000000
0x029cd8a8:   00000000 0508f488 029cd8b0 15e0f3b5
0x029cd8b8:   029cd8d8 15ebdcd0 00000000 15e0f3c0
0x029cd8c8:   029cd8a4 029cd8d8 029cd8fc 02ad4300 

Instructions: (pc=0x680ca8b6)
0x680ca896:   8b 00 8b 04 85 90 c3 23 68 c1 e8 0c 83 e0 01 5d
0x680ca8a6:   c2 10 00 cc cc cc cc cc cc cc 55 8b ec 8b 45 10
0x680ca8b6:   8b 00 83 e8 6e 74 10 83 e8 27 74 0b 83 e8 08 74
0x680ca8c6:   06 32 c0 5d c2 10 00 b0 01 5d c2 10 00 cc cc cc 


Register to memory mapping:

EAX=0x00000000 is an unknown value
EBX={method} {0x15e113c4} 'isRefinery_native' '(J)Z' in 'bwapi/UnitType'
ECX=0x011dd140 is an unknown value
EDX=0x00000000 is an unknown value
ESP=0x029cd858 is pointing into the stack for thread: 0x011dd000
EBP=0x029cd858 is pointing into the stack for thread: 0x011dd000
ESI={method} {0x15e113c4} 'isRefinery_native' '(J)Z' in 'bwapi/UnitType'
EDI=0x011dd000 is a thread


Stack: [0x02980000,0x029d0000],  sp=0x029cd858,  free space=310k
Native frames: (J=compiled Java code, j=interpreted, Vv=VM code, C=native code)
C  [bwapi_bridge2_5.dll+0x5a8b6]
j  bwapi.UnitType.isRefinery_native(J)Z+0
j  bwapi.UnitType.isRefinery()Z+5
j  org.TRX.bwapi.Facade.manager.BuildingManager.getBuildTile(Lbwapi/Unit;Lbwapi/UnitType;Lbwapi/TilePosition;)Lbwapi/TilePosition;+11
j  org.TRX.bwapi.Facade.manager.BuildingManager.buildBuilding(Lbwapi/UnitType;Lbwapi/TilePosition;Lbwapi/Unit;)V+12
j  org.Macro.ProductionManager.buildProductionFacility(Lbwapi/UnitType;Ljava/lang/Integer;)V+51
j  org.Macro.ProductionManager.lambda$0(Lbwapi/UnitType;Ljava/lang/Integer;)V+29
j  org.Macro.ProductionManager$$Lambda$2.accept(Ljava/lang/Object;Ljava/lang/Object;)V+12
j  java.util.HashMap.forEach(Ljava/util/function/BiConsumer;)V+65
j  org.Macro.ProductionManager.update()V+55
j  org.Macro.ProductionManager$Proxy$_$$_WeldClientProxy.update()V+88
j  org.Macro.BasicMacroManager.update()V+11
j  org.DecisionMaker.DecisionMaker.onFrame(Lorg/TRX/bwapi/Facade/Events/OnFrameEvent;)V+4
j  org.DecisionMaker.DecisionMaker$Proxy$_$$_WeldClientProxy.onFrame(Lorg/TRX/bwapi/Facade/Events/OnFrameEvent;)V+90
j  sun.reflect.GeneratedMethodAccessor2.invoke(Ljava/lang/Object;[Ljava/lang/Object;)Ljava/lang/Object;+40
j  sun.reflect.DelegatingMethodAccessorImpl.invoke(Ljava/lang/Object;[Ljava/lang/Object;)Ljava/lang/Object;+6
j  java.lang.reflect.Method.invoke(Ljava/lang/Object;[Ljava/lang/Object;)Ljava/lang/Object;+56
j  org.jboss.weld.util.reflection.SecureReflections$13.work()Ljava/lang/Object;+18
j  org.jboss.weld.util.reflection.SecureReflectionAccess.run()Ljava/lang/Object;+1
j  org.jboss.weld.util.reflection.SecureReflectionAccess.runAsInvocation()Ljava/lang/Object;+1
j  org.jboss.weld.util.reflection.SecureReflections.invoke(Ljava/lang/Object;Ljava/lang/reflect/Method;[Ljava/lang/Object;)Ljava/lang/Object;+10
j  org.jboss.weld.introspector.jlr.WeldMethodImpl.invokeOnInstance(Ljava/lang/Object;[Ljava/lang/Object;)Ljava/lang/Object;+98
j  org.jboss.weld.introspector.ForwardingWeldMethod.invokeOnInstance(Ljava/lang/Object;[Ljava/lang/Object;)Ljava/lang/Object;+6
j  org.jboss.weld.injection.MethodInjectionPoint.invokeOnInstanceWithSpecialValue(Ljava/lang/Object;Ljava/lang/Class;Ljava/lang/Object;Lorg/jboss/weld/manager/BeanManagerImpl;Ljavax/enterprise/context/spi/CreationalContext;Ljava/lang/Class;)Ljava/lang/Object;+16
j  org.jboss.weld.event.ObserverMethodImpl.sendEvent(Ljava/lang/Object;Ljava/lang/Object;Ljavax/enterprise/context/spi/CreationalContext;)V+45
j  org.jboss.weld.event.ObserverMethodImpl.sendEvent(Ljava/lang/Object;)V+93
j  org.jboss.weld.event.ObserverMethodImpl.notify(Ljava/lang/Object;)V+11
j  org.jboss.weld.manager.BeanManagerImpl.notifyObservers(Ljava/lang/Object;Ljava/util/Set;)V+30
j  org.jboss.weld.manager.BeanManagerImpl.fireEvent(Ljava/lang/reflect/Type;Ljava/lang/Object;Ljava/util/Set;)V+12
j  org.jboss.weld.event.EventImpl.fire(Ljava/lang/Object;)V+13
j  org.TRX.bwapi.Facade.GameListener.onFrame()V+68
j  bwapi.AIModule.onFrame()V+11
v  ~StubRoutines::call_stub
V  [jvm.dll+0x15af45]
V  [jvm.dll+0x2213ae]
V  [jvm.dll+0x15afde]
V  [jvm.dll+0xdcdcb]
V  [jvm.dll+0xdfd5c]
C  [bwapi_bridge2_5.dll+0x1b20d]
C  [bwapi_bridge2_5.dll+0x75101]
j  bwapi.Mirror.startGame()V+0
j  org.TRX.bwapi.Facade.GameListener.run()V+15
j  org.TRX.bwapi.Facade.GameListener$Proxy$_$$_WeldClientProxy.run()V+88
j  org.DecisionMaker.DecisionMaker.run()V+4
j  org.DecisionMaker.DecisionMaker$Proxy$_$$_WeldClientProxy.run()V+88
j  TRX.TRX_Bot.App.main([Ljava/lang/String;)V+46
v  ~StubRoutines::call_stub
V  [jvm.dll+0x15af45]
V  [jvm.dll+0x2213ae]
V  [jvm.dll+0x15afde]
V  [jvm.dll+0xdcb97]
V  [jvm.dll+0xe512f]
C  [javaw.exe+0x22ab]
C  [javaw.exe+0xaebf]
C  [javaw.exe+0xaf49]
C  [KERNEL32.DLL+0x162c4]
C  [ntdll.dll+0x60fd9]
C  [ntdll.dll+0x60fa4]
C  0x00000000

Java frames: (J=compiled Java code, j=interpreted, Vv=VM code)
j  bwapi.UnitType.isRefinery_native(J)Z+0
j  bwapi.UnitType.isRefinery()Z+5
j  org.TRX.bwapi.Facade.manager.BuildingManager.getBuildTile(Lbwapi/Unit;Lbwapi/UnitType;Lbwapi/TilePosition;)Lbwapi/TilePosition;+11
j  org.TRX.bwapi.Facade.manager.BuildingManager.buildBuilding(Lbwapi/UnitType;Lbwapi/TilePosition;Lbwapi/Unit;)V+12
j  org.Macro.ProductionManager.buildProductionFacility(Lbwapi/UnitType;Ljava/lang/Integer;)V+51
j  org.Macro.ProductionManager.lambda$0(Lbwapi/UnitType;Ljava/lang/Integer;)V+29
j  org.Macro.ProductionManager$$Lambda$2.accept(Ljava/lang/Object;Ljava/lang/Object;)V+12
j  java.util.HashMap.forEach(Ljava/util/function/BiConsumer;)V+65
j  org.Macro.ProductionManager.update()V+55
j  org.Macro.ProductionManager$Proxy$_$$_WeldClientProxy.update()V+88
j  org.Macro.BasicMacroManager.update()V+11
j  org.DecisionMaker.DecisionMaker.onFrame(Lorg/TRX/bwapi/Facade/Events/OnFrameEvent;)V+4
j  org.DecisionMaker.DecisionMaker$Proxy$_$$_WeldClientProxy.onFrame(Lorg/TRX/bwapi/Facade/Events/OnFrameEvent;)V+90
j  sun.reflect.GeneratedMethodAccessor2.invoke(Ljava/lang/Object;[Ljava/lang/Object;)Ljava/lang/Object;+40
j  sun.reflect.DelegatingMethodAccessorImpl.invoke(Ljava/lang/Object;[Ljava/lang/Object;)Ljava/lang/Object;+6
j  java.lang.reflect.Method.invoke(Ljava/lang/Object;[Ljava/lang/Object;)Ljava/lang/Object;+56
j  org.jboss.weld.util.reflection.SecureReflections$13.work()Ljava/lang/Object;+18
j  org.jboss.weld.util.reflection.SecureReflectionAccess.run()Ljava/lang/Object;+1
j  org.jboss.weld.util.reflection.SecureReflectionAccess.runAsInvocation()Ljava/lang/Object;+1
j  org.jboss.weld.util.reflection.SecureReflections.invoke(Ljava/lang/Object;Ljava/lang/reflect/Method;[Ljava/lang/Object;)Ljava/lang/Object;+10
j  org.jboss.weld.introspector.jlr.WeldMethodImpl.invokeOnInstance(Ljava/lang/Object;[Ljava/lang/Object;)Ljava/lang/Object;+98
j  org.jboss.weld.introspector.ForwardingWeldMethod.invokeOnInstance(Ljava/lang/Object;[Ljava/lang/Object;)Ljava/lang/Object;+6
j  org.jboss.weld.injection.MethodInjectionPoint.invokeOnInstanceWithSpecialValue(Ljava/lang/Object;Ljava/lang/Class;Ljava/lang/Object;Lorg/jboss/weld/manager/BeanManagerImpl;Ljavax/enterprise/context/spi/CreationalContext;Ljava/lang/Class;)Ljava/lang/Object;+16
j  org.jboss.weld.event.ObserverMethodImpl.sendEvent(Ljava/lang/Object;Ljava/lang/Object;Ljavax/enterprise/context/spi/CreationalContext;)V+45
j  org.jboss.weld.event.ObserverMethodImpl.sendEvent(Ljava/lang/Object;)V+93
j  org.jboss.weld.event.ObserverMethodImpl.notify(Ljava/lang/Object;)V+11
j  org.jboss.weld.manager.BeanManagerImpl.notifyObservers(Ljava/lang/Object;Ljava/util/Set;)V+30
j  org.jboss.weld.manager.BeanManagerImpl.fireEvent(Ljava/lang/reflect/Type;Ljava/lang/Object;Ljava/util/Set;)V+12
j  org.jboss.weld.event.EventImpl.fire(Ljava/lang/Object;)V+13
j  org.TRX.bwapi.Facade.GameListener.onFrame()V+68
j  bwapi.AIModule.onFrame()V+11
v  ~StubRoutines::call_stub
j  bwapi.Mirror.startGame()V+0
j  org.TRX.bwapi.Facade.GameListener.run()V+15
j  org.TRX.bwapi.Facade.GameListener$Proxy$_$$_WeldClientProxy.run()V+88
j  org.DecisionMaker.DecisionMaker.run()V+4
j  org.DecisionMaker.DecisionMaker$Proxy$_$$_WeldClientProxy.run()V+88
j  TRX.TRX_Bot.App.main([Ljava/lang/String;)V+46
v  ~StubRoutines::call_stub

---------------  P R O C E S S  ---------------

Java Threads: ( => current thread )
  0x1511d000 JavaThread "Service Thread" daemon [_thread_blocked, id=161008, stack(0x15770000,0x157c0000)]
  0x150fc800 JavaThread "C1 CompilerThread0" daemon [_thread_blocked, id=161504, stack(0x156e0000,0x15730000)]
  0x150fb800 JavaThread "Attach Listener" daemon [_thread_blocked, id=161728, stack(0x15650000,0x156a0000)]
  0x150f7c00 JavaThread "Signal Dispatcher" daemon [_thread_blocked, id=161220, stack(0x155c0000,0x15610000)]
  0x150dac00 JavaThread "Finalizer" daemon [_thread_blocked, id=81340, stack(0x15420000,0x15470000)]
  0x150c4c00 JavaThread "Reference Handler" daemon [_thread_blocked, id=67508, stack(0x15390000,0x153e0000)]
=>0x011dd000 JavaThread "main" [_thread_in_native, id=65468, stack(0x02980000,0x029d0000)]

Other Threads:
  0x02ace400 VMThread [stack: 0x15300000,0x15350000] [id=77176]
  0x1511e800 WatcherThread [stack: 0x15800000,0x15850000] [id=67092]

VM state:not at safepoint (normal execution)

VM Mutex/Monitor currently owned by a thread: None

Heap:
 def new generation   total 4928K, used 1863K [0x04c00000, 0x05150000, 0x0a150000)
  eden space 4416K,  34% used [0x04c00000, 0x04d77f38, 0x05050000)
  from space 512K,  70% used [0x05050000, 0x050a9fc0, 0x050d0000)
  to   space 512K,   0% used [0x050d0000, 0x050d0000, 0x05150000)
 tenured generation   total 10944K, used 2437K [0x0a150000, 0x0ac00000, 0x14c00000)
   the space 10944K,  22% used [0x0a150000, 0x0a3b1548, 0x0a3b1600, 0x0ac00000)
 Metaspace       used 7566K, capacity 7700K, committed 7808K, reserved 8576K

Card table byte_map: [0x04b50000,0x04be0000] byte_map_base: 0x04b2a000

Polling page: 0x011c0000

CodeCache: size=32768Kb used=1516Kb max_used=1516Kb free=31251Kb
 bounds [0x02ad0000, 0x02c50000, 0x04ad0000]
 total_blobs=750 nmethods=592 adapters=89
 compilation: enabled

Compilation events (10 events):
Event: 14.359 Thread 0x150fc800  598             com.google.common.collect.AbstractBiMap$KeySet$1::hasNext (10 bytes)
Event: 14.359 Thread 0x150fc800 nmethod 598 0x02c498c8 code [0x02c499d0, 0x02c49a6c]
Event: 14.437 Thread 0x150fc800  599   !         org.jboss.weld.util.reflection.HierarchyDiscovery::discoverFromClass (99 bytes)
Event: 14.438 Thread 0x150fc800 nmethod 599 0x02c49ac8 code [0x02c49ca0, 0x02c4a168]
Event: 14.610 Thread 0x150fc800  601             java.util.Vector::ensureCapacityHelper (16 bytes)
Event: 14.611 Thread 0x150fc800 nmethod 601 0x02c4ab48 code [0x02c4ac50, 0x02c4acfc]
Event: 14.659 Thread 0x150fc800  603  s          java.util.Vector::addElement (38 bytes)
Event: 14.659 Thread 0x150fc800 nmethod 603 0x02c4ad88 code [0x02c4aea0, 0x02c4b12c]
Event: 14.659 Thread 0x150fc800  604             org.jboss.weld.util.collections.ArraySet::size (8 bytes)
Event: 14.659 Thread 0x150fc800 nmethod 604 0x02c4b2c8 code [0x02c4b3c0, 0x02c4b450]

GC Heap History (10 events):
Event: 0.794 GC heap before
{Heap before GC invocations=5 (full 0):
 def new generation   total 4928K, used 4928K [0x04c00000, 0x05150000, 0x0a150000)
  eden space 4416K, 100% used [0x04c00000, 0x05050000, 0x05050000)
  from space 512K, 100% used [0x050d0000, 0x05150000, 0x05150000)
  to   space 512K,   0% used [0x05050000, 0x05050000, 0x050d0000)
 tenured generation   total 10944K, used 1478K [0x0a150000, 0x0ac00000, 0x14c00000)
   the space 10944K,  13% used [0x0a150000, 0x0a2c1ba0, 0x0a2c1c00, 0x0ac00000)
 Metaspace       used 5690K, capacity 5740K, committed 5760K, reserved 6528K
Event: 0.795 GC heap after
Heap after GC invocations=6 (full 0):
 def new generation   total 4928K, used 506K [0x04c00000, 0x05150000, 0x0a150000)
  eden space 4416K,   0% used [0x04c00000, 0x04c00000, 0x05050000)
  from space 512K,  98% used [0x05050000, 0x050cea30, 0x050d0000)
  to   space 512K,   0% used [0x050d0000, 0x050d0000, 0x05150000)
 tenured generation   total 10944K, used 1634K [0x0a150000, 0x0ac00000, 0x14c00000)
   the space 10944K,  14% used [0x0a150000, 0x0a2e8a40, 0x0a2e8c00, 0x0ac00000)
 Metaspace       used 5690K, capacity 5740K, committed 5760K, reserved 6528K
}
Event: 0.889 GC heap before
{Heap before GC invocations=6 (full 0):
 def new generation   total 4928K, used 4922K [0x04c00000, 0x05150000, 0x0a150000)
  eden space 4416K, 100% used [0x04c00000, 0x05050000, 0x05050000)
  from space 512K,  98% used [0x05050000, 0x050cea30, 0x050d0000)
  to   space 512K,   0% used [0x050d0000, 0x050d0000, 0x05150000)
 tenured generation   total 10944K, used 1634K [0x0a150000, 0x0ac00000, 0x14c00000)
   the space 10944K,  14% used [0x0a150000, 0x0a2e8a40, 0x0a2e8c00, 0x0ac00000)
 Metaspace       used 6255K, capacity 6291K, committed 6400K, reserved 6528K
Event: 0.891 GC heap after
Heap after GC invocations=7 (full 0):
 def new generation   total 4928K, used 511K [0x04c00000, 0x05150000, 0x0a150000)
  eden space 4416K,   0% used [0x04c00000, 0x04c00000, 0x05050000)
  from space 512K,  99% used [0x050d0000, 0x0514ff30, 0x05150000)
  to   space 512K,   0% used [0x05050000, 0x05050000, 0x050d0000)
 tenured generation   total 10944K, used 1759K [0x0a150000, 0x0ac00000, 0x14c00000)
   the space 10944K,  16% used [0x0a150000, 0x0a307e48, 0x0a308000, 0x0ac00000)
 Metaspace       used 6255K, capacity 6291K, committed 6400K, reserved 6528K
}
Event: 0.993 GC heap before
{Heap before GC invocations=7 (full 0):
 def new generation   total 4928K, used 4927K [0x04c00000, 0x05150000, 0x0a150000)
  eden space 4416K, 100% used [0x04c00000, 0x05050000, 0x05050000)
  from space 512K,  99% used [0x050d0000, 0x0514ff30, 0x05150000)
  to   space 512K,   0% used [0x05050000, 0x05050000, 0x050d0000)
 tenured generation   total 10944K, used 1759K [0x0a150000, 0x0ac00000, 0x14c00000)
   the space 10944K,  16% used [0x0a150000, 0x0a307e48, 0x0a308000, 0x0ac00000)
 Metaspace       used 6469K, capacity 6518K, committed 6656K, reserved 7552K
Event: 0.995 GC heap after
Heap after GC invocations=8 (full 0):
 def new generation   total 4928K, used 512K [0x04c00000, 0x05150000, 0x0a150000)
  eden space 4416K,   0% used [0x04c00000, 0x04c00000, 0x05050000)
  from space 512K, 100% used [0x05050000, 0x050d0000, 0x050d0000)
  to   space 512K,   0% used [0x050d0000, 0x050d0000, 0x05150000)
 tenured generation   total 10944K, used 2056K [0x0a150000, 0x0ac00000, 0x14c00000)
   the space 10944K,  18% used [0x0a150000, 0x0a3520a8, 0x0a352200, 0x0ac00000)
 Metaspace       used 6469K, capacity 6518K, committed 6656K, reserved 7552K
}
Event: 1.083 GC heap before
{Heap before GC invocations=8 (full 0):
 def new generation   total 4928K, used 4928K [0x04c00000, 0x05150000, 0x0a150000)
  eden space 4416K, 100% used [0x04c00000, 0x05050000, 0x05050000)
  from space 512K, 100% used [0x05050000, 0x050d0000, 0x050d0000)
  to   space 512K,   0% used [0x050d0000, 0x050d0000, 0x05150000)
 tenured generation   total 10944K, used 2056K [0x0a150000, 0x0ac00000, 0x14c00000)
   the space 10944K,  18% used [0x0a150000, 0x0a3520a8, 0x0a352200, 0x0ac00000)
 Metaspace       used 6848K, capacity 6902K, committed 7040K, reserved 7552K
Event: 1.085 GC heap after
Heap after GC invocations=9 (full 0):
 def new generation   total 4928K, used 511K [0x04c00000, 0x05150000, 0x0a150000)
  eden space 4416K,   0% used [0x04c00000, 0x04c00000, 0x05050000)
  from space 512K,  99% used [0x050d0000, 0x0514fff8, 0x05150000)
  to   space 512K,   0% used [0x05050000, 0x05050000, 0x050d0000)
 tenured generation   total 10944K, used 2348K [0x0a150000, 0x0ac00000, 0x14c00000)
   the space 10944K,  21% used [0x0a150000, 0x0a39b328, 0x0a39b400, 0x0ac00000)
 Metaspace       used 6848K, capacity 6902K, committed 7040K, reserved 7552K
}
Event: 6.694 GC heap before
{Heap before GC invocations=9 (full 0):
 def new generation   total 4928K, used 4927K [0x04c00000, 0x05150000, 0x0a150000)
  eden space 4416K, 100% used [0x04c00000, 0x05050000, 0x05050000)
  from space 512K,  99% used [0x050d0000, 0x0514fff8, 0x05150000)
  to   space 512K,   0% used [0x05050000, 0x05050000, 0x050d0000)
 tenured generation   total 10944K, used 2348K [0x0a150000, 0x0ac00000, 0x14c00000)
   the space 10944K,  21% used [0x0a150000, 0x0a39b328, 0x0a39b400, 0x0ac00000)
 Metaspace       used 7557K, capacity 7690K, committed 7808K, reserved 8576K
Event: 6.696 GC heap after
Heap after GC invocations=10 (full 0):
 def new generation   total 4928K, used 359K [0x04c00000, 0x05150000, 0x0a150000)
  eden space 4416K,   0% used [0x04c00000, 0x04c00000, 0x05050000)
  from space 512K,  70% used [0x05050000, 0x050a9fc0, 0x050d0000)
  to   space 512K,   0% used [0x050d0000, 0x050d0000, 0x05150000)
 tenured generation   total 10944K, used 2437K [0x0a150000, 0x0ac00000, 0x14c00000)
   the space 10944K,  22% used [0x0a150000, 0x0a3b1548, 0x0a3b1600, 0x0ac00000)
 Metaspace       used 7557K, capacity 7690K, committed 7808K, reserved 8576K
}

Deoptimization events (0 events):
No events

Internal exceptions (10 events):
Event: 0.987 Thread 0x011dd000 Exception <a 'java/lang/ArrayIndexOutOfBoundsException'> (0x05016bc8) thrown at [C:\workspace\8-2-build-windows-i586-cygwin\jdk8u144\9417\hotspot\src\share\vm\runtime\sharedRuntime.cpp, line 605]
Event: 0.987 Thread 0x011dd000 Exception <a 'java/lang/ArrayIndexOutOfBoundsException'> (0x05017d10) thrown at [C:\workspace\8-2-build-windows-i586-cygwin\jdk8u144\9417\hotspot\src\share\vm\runtime\sharedRuntime.cpp, line 605]
Event: 0.988 Thread 0x011dd000 Exception <a 'java/lang/ArrayIndexOutOfBoundsException'> (0x05019810) thrown at [C:\workspace\8-2-build-windows-i586-cygwin\jdk8u144\9417\hotspot\src\share\vm\runtime\sharedRuntime.cpp, line 605]
Event: 0.990 Thread 0x011dd000 Exception <a 'java/lang/ArrayIndexOutOfBoundsException'> (0x05026be8) thrown at [C:\workspace\8-2-build-windows-i586-cygwin\jdk8u144\9417\hotspot\src\share\vm\runtime\sharedRuntime.cpp, line 605]
Event: 0.990 Thread 0x011dd000 Exception <a 'java/lang/ArrayIndexOutOfBoundsException'> (0x05027cf8) thrown at [C:\workspace\8-2-build-windows-i586-cygwin\jdk8u144\9417\hotspot\src\share\vm\runtime\sharedRuntime.cpp, line 605]
Event: 0.993 Thread 0x011dd000 Exception <a 'java/lang/ArrayIndexOutOfBoundsException'> (0x0504f910) thrown at [C:\workspace\8-2-build-windows-i586-cygwin\jdk8u144\9417\hotspot\src\share\vm\runtime\sharedRuntime.cpp, line 605]
Event: 0.995 Thread 0x011dd000 Exception <a 'java/lang/ArrayIndexOutOfBoundsException'> (0x04c006d8) thrown at [C:\workspace\8-2-build-windows-i586-cygwin\jdk8u144\9417\hotspot\src\share\vm\runtime\sharedRuntime.cpp, line 605]
Event: 6.642 Thread 0x011dd000 Exception <a 'java/io/FileNotFoundException'> (0x04e5ed30) thrown at [C:\workspace\8-2-build-windows-i586-cygwin\jdk8u144\9417\hotspot\src\share\vm\prims\jni.cpp, line 709]
Event: 6.664 Thread 0x011dd000 Exception <a 'java/lang/NoSuchFieldError': method resolution failed> (0x04f18fc0) thrown at [C:\workspace\8-2-build-windows-i586-cygwin\jdk8u144\9417\hotspot\src\share\vm\prims\methodHandles.cpp, line 1146]
Event: 6.665 Thread 0x011dd000 Exception <a 'java/lang/NoSuchFieldError': method resolution failed> (0x04f254a8) thrown at [C:\workspace\8-2-build-windows-i586-cygwin\jdk8u144\9417\hotspot\src\share\vm\prims\methodHandles.cpp, line 1146]

Events (10 events):
Event: 14.657 loading class bwapi/UnitType
Event: 14.657 loading class bwapi/UnitType done
Event: 14.658 loading class java/lang/invoke/DirectMethodHandle$Special
Event: 14.658 loading class java/lang/invoke/DirectMethodHandle$Special done
Event: 14.658 loading class bwapi/UnitType
Event: 14.658 loading class bwapi/UnitType done
Event: 14.658 loading class org/Macro/ProductionManager
Event: 14.658 loading class org/Macro/ProductionManager done
Event: 14.658 loading class java/util/function/BiConsumer
Event: 14.658 loading class java/util/function/BiConsumer done


Dynamic libraries:
0x013b0000 - 0x013e3000 	C:\Program Files (x86)\Java\jdk1.8.0_144\bin\javaw.exe
0x77c60000 - 0x77de3000 	C:\WINDOWS\SYSTEM32\ntdll.dll
0x74b50000 - 0x74c30000 	C:\WINDOWS\System32\KERNEL32.DLL
0x74880000 - 0x74a21000 	C:\WINDOWS\System32\KERNELBASE.dll
0x76ef0000 - 0x76f67000 	C:\WINDOWS\System32\ADVAPI32.dll
0x76fc0000 - 0x7707e000 	C:\WINDOWS\System32\msvcrt.dll
0x76f70000 - 0x76fb1000 	C:\WINDOWS\System32\sechost.dll
0x77b90000 - 0x77c51000 	C:\WINDOWS\System32\RPCRT4.dll
0x74700000 - 0x7471e000 	C:\WINDOWS\System32\SspiCli.dll
0x746f0000 - 0x746fa000 	C:\WINDOWS\System32\CRYPTBASE.dll
0x76e80000 - 0x76eda000 	C:\WINDOWS\System32\bcryptPrimitives.dll
0x779a0000 - 0x77aff000 	C:\WINDOWS\System32\USER32.dll
0x76750000 - 0x76765000 	C:\WINDOWS\System32\win32u.dll
0x76d30000 - 0x76d5b000 	C:\WINDOWS\System32\GDI32.dll
0x74720000 - 0x7487a000 	C:\WINDOWS\System32\gdi32full.dll
0x729e0000 - 0x72bea000 	C:\WINDOWS\WinSxS\x86_microsoft.windows.common-controls_6595b64144ccf1df_6.0.14393.953_none_89c2555adb023171\COMCTL32.dll
0x77780000 - 0x77991000 	C:\WINDOWS\System32\combase.dll
0x77080000 - 0x77160000 	C:\WINDOWS\System32\ucrtbase.dll
0x76e00000 - 0x76e25000 	C:\WINDOWS\System32\IMM32.DLL
0x69680000 - 0x6973f000 	C:\Program Files (x86)\Java\jdk1.8.0_144\jre\bin\msvcr100.dll
0x692b0000 - 0x6967e000 	C:\Program Files (x86)\Java\jdk1.8.0_144\jre\bin\client\jvm.dll
0x74b40000 - 0x74b46000 	C:\WINDOWS\System32\PSAPI.DLL
0x703e0000 - 0x703e8000 	C:\WINDOWS\SYSTEM32\WSOCK32.dll
0x74d40000 - 0x74da3000 	C:\WINDOWS\System32\WS2_32.dll
0x72c20000 - 0x72c44000 	C:\WINDOWS\SYSTEM32\WINMM.dll
0x74630000 - 0x74638000 	C:\WINDOWS\SYSTEM32\VERSION.dll
0x01140000 - 0x01163000 	C:\WINDOWS\SYSTEM32\WINMMBASE.dll
0x76cf0000 - 0x76d26000 	C:\WINDOWS\System32\cfgmgr32.dll
0x6ffe0000 - 0x6ffec000 	C:\Program Files (x86)\Java\jdk1.8.0_144\jre\bin\verify.dll
0x69280000 - 0x692a1000 	C:\Program Files (x86)\Java\jdk1.8.0_144\jre\bin\java.dll
0x6fb60000 - 0x6fb73000 	C:\Program Files (x86)\Java\jdk1.8.0_144\jre\bin\zip.dll
0x74db0000 - 0x76188000 	C:\WINDOWS\System32\SHELL32.dll
0x76190000 - 0x766fe000 	C:\WINDOWS\System32\windows.storage.dll
0x772b0000 - 0x772f5000 	C:\WINDOWS\System32\powrprof.dll
0x76e30000 - 0x76e76000 	C:\WINDOWS\System32\shlwapi.dll
0x76ee0000 - 0x76eed000 	C:\WINDOWS\System32\kernel.appcore.dll
0x77580000 - 0x77608000 	C:\WINDOWS\System32\shcore.dll
0x77570000 - 0x7757f000 	C:\WINDOWS\System32\profapi.dll
0x68070000 - 0x682f6000 	C:\Users\Turox\Documents\Broodwar_bot_neverdieTRX\MavenBot\TRX-Bot\bwapi_bridge2_5.dll
0x66fb0000 - 0x67021000 	C:\WINDOWS\SYSTEM32\MSVCP120.dll
0x65f20000 - 0x6600e000 	C:\WINDOWS\SYSTEM32\MSVCR120.dll
0x6f540000 - 0x6f59e000 	C:\Users\Turox\Documents\Broodwar_bot_neverdieTRX\MavenBot\TRX-Bot\libmpfr-4.dll
0x6acc0000 - 0x6ad27000 	C:\Users\Turox\Documents\Broodwar_bot_neverdieTRX\MavenBot\TRX-Bot\libgmp-10.dll
0x67f20000 - 0x68065000 	C:\Program Files (x86)\Java\jdk1.8.0_144\jre\bin\awt.dll
0x76d60000 - 0x76df4000 	C:\WINDOWS\System32\OLEAUT32.dll
0x77300000 - 0x7737b000 	C:\WINDOWS\System32\msvcp_win.dll
0x74650000 - 0x746e2000 	C:\WINDOWS\SYSTEM32\apphelp.dll
0x65a20000 - 0x65b65000 	C:\WINDOWS\SYSTEM32\dbghelp.dll

VM Arguments:
jvm_args: -Dfile.encoding=UTF-8 
java_command: TRX.TRX_Bot.App
java_class_path (initial): C:\Users\Turox\Documents\Broodwar_bot_neverdieTRX\MavenBot\TRX-Bot\target\classes;C:\Users\Turox\Documents\Broodwar_bot_neverdieTRX\MavenBot\TRX-Bot\DecisionMaker\target\classes;C:\Users\Turox\Documents\Broodwar_bot_neverdieTRX\MavenBot\TRX-Bot\DecisionMaker\target\test-classes;C:\Users\Turox\.m2\repository\junit\junit\3.8.1\junit-3.8.1.jar;C:\Users\Turox\Documents\Broodwar_bot_neverdieTRX\MavenBot\TRX-Bot\TRX-integration\target\classes;C:\Users\Turox\Documents\Broodwar_bot_neverdieTRX\MavenBot\TRX-Bot\TRX-integration\target\test-classes;C:\Users\Turox\.m2\repository\javax\servlet\servlet-api\2.5\servlet-api-2.5.jar;C:\Users\Turox\.m2\repository\javax\javaee-api\7.0\javaee-api-7.0.jar;C:\Users\Turox\.m2\repository\com\sun\mail\javax.mail\1.5.0\javax.mail-1.5.0.jar;C:\Users\Turox\.m2\repository\javax\activation\activation\1.1\activation-1.1.jar;C:\Users\Turox\.m2\repository\javax\inject\javax.inject\1\javax.inject-1.jar;C:\Users\Turox\.m2\repository\org\jboss\weld\se\weld-se\1.1.2.Final\weld-se-1.1.2.Final.jar;C:\Users\Turox\Documents\Broodwar_bot_neverdieTRX\MavenBot\TRX-Bot\ArmyMovement\target\classes;C:\Users\Turox\Documents\Broodwar_bot_neverdieTRX\MavenBot\TRX-Bot\ArmyMovement\target\test-classes;C:\Users\Turox\Documents\Broodwar_bot_neverdieTRX\MavenBot\TRX-Bot\TRX-bwapi-Facade\target\classes;C:\Users\Turox\Documents\Broodwar_bot_neverdieTRX\MavenBot\TRX-Bot\TRX-bwapi-Facade\target\test-classes;C:\Users\Turox\.m2\repository\bwmirror\bwmirror\2.5\bwmirror-2.5.jar;C:\Users\Turox\Documents\Broodwar_bot_neverdieTRX\MavenBot\TRX-Bot\Info\target\classes;C:\Users\Turox\Documents\Broodwar_bot_neverdieTRX\MavenBot\TRX-Bot\Info\target\test-classes;C:\Users\Turox\Documents\Broodwar_bot_neverdieTRX\MavenBot\TRX-Bot\Macro\target\classes;C:\Users\Turox\Documents\Broodwar_bot_neverdieTRX\MavenBot\TRX-Bot\Macro\target\test-classes
Launcher Type: SUN_STANDARD

Environment Variables:
JAVA_HOME=C:\Program Files (x86)\Java\jdk1.8.0_144
PATH=C:/Program Files/Java/jdk/bin/server;C:/Program Files/Java/jdk/bin;C:/Program Files/Java/jdk/lib/amd64;C:\ProgramData\Oracle\Java\javapath;C:\Program Files (x86)\Intel\iCLS Client\;C:\Program Files\Intel\iCLS Client\;C:\WINDOWS\system32;C:\WINDOWS;C:\WINDOWS\System32\Wbem;C:\WINDOWS\System32\WindowsPowerShell\v1.0\;C:\Program Files\Intel\Intel(R) Management Engine Components\DAL;C:\Program Files\Intel\Intel(R) Management Engine Components\IPT;C:\Program Files (x86)\Intel\Intel(R) Management Engine Components\DAL;C:\Program Files (x86)\Intel\Intel(R) Management Engine Components\IPT;C:\Program Files\Intel\WiFi\bin\;C:\Program Files\Common Files\Intel\WirelessCommon\;C:\Program Files (x86)\Brackets\command;C:\Program Files (x86)\NVIDIA Corporation\PhysX\Common;C:\WINDOWS\system32;C:\WINDOWS;C:\WINDOWS\System32\Wbem;C:\WINDOWS\System32\WindowsPowerShell\v1.0\;C:\Program Files (x86)\GtkSharp\2.12\bin;C:\Program Files\nodejs\;C:\Users\Turox\.dnx\bin;C:\Program Files\Microsoft DNX\Dnvm\;C:\Program Files (x86)\Windows Kits\10\Windows Performance Toolkit\;C:\Program Files\Git\cmd;C:\Program Files (x86)\Microsoft Emulator Manager\1.0\;C:\Users\Turox\AppData\Local\Android\android-sdk;C:\Program Files (x86)\Skype\Phone\;C:\Program Files\Intel\WiFi\bin\;C:\Program Files\Common Files\Intel\WirelessCommon\;C:\MinGW\bin;C:\Users\Turox\AppData\Local\Microsoft\WindowsApps;C:\Users\Turox\AppData\Roaming\npm;C:\Program Files\apache-maven-3.5.0\bin;C:\Users\Turox\Desktop;
USERNAME=Turox
OS=Windows_NT
PROCESSOR_IDENTIFIER=Intel64 Family 6 Model 60 Stepping 3, GenuineIntel



---------------  S Y S T E M  ---------------

OS: Windows 10.0 , 64 bit Build 14393 (10.0.14393.1198)

CPU:total 4 (initial active 4) (2 cores per cpu, 2 threads per core) family 6 model 60 stepping 3, cmov, cx8, fxsr, mmx, sse, sse2, sse3, ssse3, sse4.1, sse4.2, popcnt, avx, avx2, aes, clmul, erms, lzcnt, ht, tsc, tscinvbit, bmi1, bmi2

Memory: 4k page, physical 8306812k(1927820k free), swap 16695420k(8547792k free)

vm_info: Java HotSpot(TM) Client VM (25.144-b01) for windows-x86 JRE (1.8.0_144-b01), built on Jul 21 2017 21:58:05 by "java_re" with MS VC++ 10.0 (VS2010)

time: Wed Aug 09 15:07:25 2017
elapsed time: 14 seconds (0d 0h 0m 14s)

