#
# A fatal error has been detected by the Java Runtime Environment:
#
#  EXCEPTION_ACCESS_VIOLATION (0xc0000005) at pc=0x680ca8b6, pid=156948, tid=0x00027454
#
# JRE version: Java(TM) SE Runtime Environment (8.0_144-b01) (build 1.8.0_144-b01)
# Java VM: Java HotSpot(TM) Client VM (25.144-b01 mixed mode windows-x86 )
# Problematic frame:
# C  [bwapi_bridge2_5.dll+0x5a8b6]
#
# Failed to write core dump. Minidumps are not enabled by default on client versions of Windows
#
# If you would like to submit a bug report, please visit:
#   http://bugreport.java.com/bugreport/crash.jsp
# The crash happened outside the Java Virtual Machine in native code.
# See problematic frame for where to report the bug.
#

---------------  T H R E A D  ---------------

Current thread (0x015bd000):  JavaThread "main" [_thread_in_native, id=160852, stack(0x02d40000,0x02d90000)]

siginfo: ExceptionCode=0xc0000005, reading address 0x00000000

Registers:
EAX=0x00000000, EBX=0x161d13c0, ECX=0x015bd140, EDX=0x00000000
ESP=0x02d8d5b8, EBP=0x02d8d5b8, ESI=0x161d13c0, EDI=0x015bd000
EIP=0x680ca8b6, EFLAGS=0x00010283

Top of Stack: (sp=0x02d8d5b8)
0x02d8d5b8:   02d8d5f4 02ead3d3 015bd140 02d8d60c
0x02d8d5c8:   00000000 00000000 02ead1c6 02d8d5d4
0x02d8d5d8:   161d13c0 02d8d60c 1627de18 00000000
0x02d8d5e8:   161d13c0 00000000 02d8d604 02d8d630
0x02d8d5f8:   02ea4300 00000000 02ea9cf0 00000000
0x02d8d608:   00000000 0548f3f8 02d8d610 161cf3b5
0x02d8d618:   02d8d638 1627de18 00000000 161cf3c0
0x02d8d628:   02d8d604 02d8d638 02d8d65c 02ea4300 

Instructions: (pc=0x680ca8b6)
0x680ca896:   8b 00 8b 04 85 90 c3 23 68 c1 e8 0c 83 e0 01 5d
0x680ca8a6:   c2 10 00 cc cc cc cc cc cc cc 55 8b ec 8b 45 10
0x680ca8b6:   8b 00 83 e8 6e 74 10 83 e8 27 74 0b 83 e8 08 74
0x680ca8c6:   06 32 c0 5d c2 10 00 b0 01 5d c2 10 00 cc cc cc 


Register to memory mapping:

EAX=0x00000000 is an unknown value
EBX={method} {0x161d13c4} 'isRefinery_native' '(J)Z' in 'bwapi/UnitType'
ECX=0x015bd140 is an unknown value
EDX=0x00000000 is an unknown value
ESP=0x02d8d5b8 is pointing into the stack for thread: 0x015bd000
EBP=0x02d8d5b8 is pointing into the stack for thread: 0x015bd000
ESI={method} {0x161d13c4} 'isRefinery_native' '(J)Z' in 'bwapi/UnitType'
EDI=0x015bd000 is a thread


Stack: [0x02d40000,0x02d90000],  sp=0x02d8d5b8,  free space=309k
Native frames: (J=compiled Java code, j=interpreted, Vv=VM code, C=native code)
C  [bwapi_bridge2_5.dll+0x5a8b6]
j  bwapi.UnitType.isRefinery_native(J)Z+0
j  bwapi.UnitType.isRefinery()Z+5
j  org.TRX.bwapi.Facade.manager.BuildingManager.getBuildTile(Lbwapi/Unit;Lbwapi/UnitType;Lbwapi/TilePosition;)Lbwapi/TilePosition;+11
j  org.TRX.bwapi.Facade.manager.BuildingManager.buildBuilding(Lbwapi/UnitType;Lbwapi/TilePosition;Lbwapi/Unit;)V+12
j  org.Macro.ProductionManager.buildProductionFacility(Lbwapi/UnitType;Ljava/lang/Integer;)V+51
j  org.Macro.ProductionManager.lambda$0(Lbwapi/UnitType;Ljava/lang/Integer;)V+29
j  org.Macro.ProductionManager$$Lambda$2.accept(Ljava/lang/Object;Ljava/lang/Object;)V+12
j  java.util.HashMap.forEach(Ljava/util/function/BiConsumer;)V+65
j  org.Macro.ProductionManager.update()V+55
j  org.Macro.ProductionManager$Proxy$_$$_WeldClientProxy.update()V+88
j  org.Macro.BasicMacroManager.update()V+11
j  org.DecisionMaker.DecisionMaker.onFrame(Lorg/TRX/bwapi/Facade/Events/OnFrameEvent;)V+4
j  org.DecisionMaker.DecisionMaker$Proxy$_$$_WeldClientProxy.onFrame(Lorg/TRX/bwapi/Facade/Events/OnFrameEvent;)V+90
j  sun.reflect.GeneratedMethodAccessor2.invoke(Ljava/lang/Object;[Ljava/lang/Object;)Ljava/lang/Object;+40
j  sun.reflect.DelegatingMethodAccessorImpl.invoke(Ljava/lang/Object;[Ljava/lang/Object;)Ljava/lang/Object;+6
j  java.lang.reflect.Method.invoke(Ljava/lang/Object;[Ljava/lang/Object;)Ljava/lang/Object;+56
j  org.jboss.weld.util.reflection.SecureReflections$13.work()Ljava/lang/Object;+18
j  org.jboss.weld.util.reflection.SecureReflectionAccess.run()Ljava/lang/Object;+1
j  org.jboss.weld.util.reflection.SecureReflectionAccess.runAsInvocation()Ljava/lang/Object;+1
j  org.jboss.weld.util.reflection.SecureReflections.invoke(Ljava/lang/Object;Ljava/lang/reflect/Method;[Ljava/lang/Object;)Ljava/lang/Object;+10
j  org.jboss.weld.introspector.jlr.WeldMethodImpl.invokeOnInstance(Ljava/lang/Object;[Ljava/lang/Object;)Ljava/lang/Object;+98
j  org.jboss.weld.introspector.ForwardingWeldMethod.invokeOnInstance(Ljava/lang/Object;[Ljava/lang/Object;)Ljava/lang/Object;+6
j  org.jboss.weld.injection.MethodInjectionPoint.invokeOnInstanceWithSpecialValue(Ljava/lang/Object;Ljava/lang/Class;Ljava/lang/Object;Lorg/jboss/weld/manager/BeanManagerImpl;Ljavax/enterprise/context/spi/CreationalContext;Ljava/lang/Class;)Ljava/lang/Object;+16
j  org.jboss.weld.event.ObserverMethodImpl.sendEvent(Ljava/lang/Object;Ljava/lang/Object;Ljavax/enterprise/context/spi/CreationalContext;)V+45
j  org.jboss.weld.event.ObserverMethodImpl.sendEvent(Ljava/lang/Object;)V+93
j  org.jboss.weld.event.ObserverMethodImpl.notify(Ljava/lang/Object;)V+11
j  org.jboss.weld.manager.BeanManagerImpl.notifyObservers(Ljava/lang/Object;Ljava/util/Set;)V+30
j  org.jboss.weld.manager.BeanManagerImpl.fireEvent(Ljava/lang/reflect/Type;Ljava/lang/Object;Ljava/util/Set;)V+12
j  org.jboss.weld.event.EventImpl.fire(Ljava/lang/Object;)V+13
j  org.TRX.bwapi.Facade.GameListener.onFrame()V+68
j  bwapi.AIModule.onFrame()V+11
v  ~StubRoutines::call_stub
V  [jvm.dll+0x15af45]
V  [jvm.dll+0x2213ae]
V  [jvm.dll+0x15afde]
V  [jvm.dll+0xdcdcb]
V  [jvm.dll+0xdfd5c]
C  [bwapi_bridge2_5.dll+0x1b20d]
C  [bwapi_bridge2_5.dll+0x75101]
j  bwapi.Mirror.startGame()V+0
j  org.TRX.bwapi.Facade.GameListener.run()V+15
j  org.TRX.bwapi.Facade.GameListener$Proxy$_$$_WeldClientProxy.run()V+88
j  org.DecisionMaker.DecisionMaker.run()V+4
j  org.DecisionMaker.DecisionMaker$Proxy$_$$_WeldClientProxy.run()V+88
j  TRX.TRX_Bot.App.main([Ljava/lang/String;)V+46
v  ~StubRoutines::call_stub
V  [jvm.dll+0x15af45]
V  [jvm.dll+0x2213ae]
V  [jvm.dll+0x15afde]
V  [jvm.dll+0xdcb97]
V  [jvm.dll+0xe512f]
C  [javaw.exe+0x22ab]
C  [javaw.exe+0xaebf]
C  [javaw.exe+0xaf49]
C  [KERNEL32.DLL+0x162c4]
C  [ntdll.dll+0x60fd9]
C  [ntdll.dll+0x60fa4]
C  0x00000000

Java frames: (J=compiled Java code, j=interpreted, Vv=VM code)
j  bwapi.UnitType.isRefinery_native(J)Z+0
j  bwapi.UnitType.isRefinery()Z+5
j  org.TRX.bwapi.Facade.manager.BuildingManager.getBuildTile(Lbwapi/Unit;Lbwapi/UnitType;Lbwapi/TilePosition;)Lbwapi/TilePosition;+11
j  org.TRX.bwapi.Facade.manager.BuildingManager.buildBuilding(Lbwapi/UnitType;Lbwapi/TilePosition;Lbwapi/Unit;)V+12
j  org.Macro.ProductionManager.buildProductionFacility(Lbwapi/UnitType;Ljava/lang/Integer;)V+51
j  org.Macro.ProductionManager.lambda$0(Lbwapi/UnitType;Ljava/lang/Integer;)V+29
j  org.Macro.ProductionManager$$Lambda$2.accept(Ljava/lang/Object;Ljava/lang/Object;)V+12
j  java.util.HashMap.forEach(Ljava/util/function/BiConsumer;)V+65
j  org.Macro.ProductionManager.update()V+55
j  org.Macro.ProductionManager$Proxy$_$$_WeldClientProxy.update()V+88
j  org.Macro.BasicMacroManager.update()V+11
j  org.DecisionMaker.DecisionMaker.onFrame(Lorg/TRX/bwapi/Facade/Events/OnFrameEvent;)V+4
j  org.DecisionMaker.DecisionMaker$Proxy$_$$_WeldClientProxy.onFrame(Lorg/TRX/bwapi/Facade/Events/OnFrameEvent;)V+90
j  sun.reflect.GeneratedMethodAccessor2.invoke(Ljava/lang/Object;[Ljava/lang/Object;)Ljava/lang/Object;+40
j  sun.reflect.DelegatingMethodAccessorImpl.invoke(Ljava/lang/Object;[Ljava/lang/Object;)Ljava/lang/Object;+6
j  java.lang.reflect.Method.invoke(Ljava/lang/Object;[Ljava/lang/Object;)Ljava/lang/Object;+56
j  org.jboss.weld.util.reflection.SecureReflections$13.work()Ljava/lang/Object;+18
j  org.jboss.weld.util.reflection.SecureReflectionAccess.run()Ljava/lang/Object;+1
j  org.jboss.weld.util.reflection.SecureReflectionAccess.runAsInvocation()Ljava/lang/Object;+1
j  org.jboss.weld.util.reflection.SecureReflections.invoke(Ljava/lang/Object;Ljava/lang/reflect/Method;[Ljava/lang/Object;)Ljava/lang/Object;+10
j  org.jboss.weld.introspector.jlr.WeldMethodImpl.invokeOnInstance(Ljava/lang/Object;[Ljava/lang/Object;)Ljava/lang/Object;+98
j  org.jboss.weld.introspector.ForwardingWeldMethod.invokeOnInstance(Ljava/lang/Object;[Ljava/lang/Object;)Ljava/lang/Object;+6
j  org.jboss.weld.injection.MethodInjectionPoint.invokeOnInstanceWithSpecialValue(Ljava/lang/Object;Ljava/lang/Class;Ljava/lang/Object;Lorg/jboss/weld/manager/BeanManagerImpl;Ljavax/enterprise/context/spi/CreationalContext;Ljava/lang/Class;)Ljava/lang/Object;+16
j  org.jboss.weld.event.ObserverMethodImpl.sendEvent(Ljava/lang/Object;Ljava/lang/Object;Ljavax/enterprise/context/spi/CreationalContext;)V+45
j  org.jboss.weld.event.ObserverMethodImpl.sendEvent(Ljava/lang/Object;)V+93
j  org.jboss.weld.event.ObserverMethodImpl.notify(Ljava/lang/Object;)V+11
j  org.jboss.weld.manager.BeanManagerImpl.notifyObservers(Ljava/lang/Object;Ljava/util/Set;)V+30
j  org.jboss.weld.manager.BeanManagerImpl.fireEvent(Ljava/lang/reflect/Type;Ljava/lang/Object;Ljava/util/Set;)V+12
j  org.jboss.weld.event.EventImpl.fire(Ljava/lang/Object;)V+13
j  org.TRX.bwapi.Facade.GameListener.onFrame()V+68
j  bwapi.AIModule.onFrame()V+11
v  ~StubRoutines::call_stub
j  bwapi.Mirror.startGame()V+0
j  org.TRX.bwapi.Facade.GameListener.run()V+15
j  org.TRX.bwapi.Facade.GameListener$Proxy$_$$_WeldClientProxy.run()V+88
j  org.DecisionMaker.DecisionMaker.run()V+4
j  org.DecisionMaker.DecisionMaker$Proxy$_$$_WeldClientProxy.run()V+88
j  TRX.TRX_Bot.App.main([Ljava/lang/String;)V+46
v  ~StubRoutines::call_stub

---------------  P R O C E S S  ---------------

Java Threads: ( => current thread )
  0x154f1000 JavaThread "Service Thread" daemon [_thread_blocked, id=160804, stack(0x15b30000,0x15b80000)]
  0x154fac00 JavaThread "C1 CompilerThread0" daemon [_thread_blocked, id=111692, stack(0x15aa0000,0x15af0000)]
  0x154f9c00 JavaThread "Attach Listener" daemon [_thread_blocked, id=111680, stack(0x15a10000,0x15a60000)]
  0x154f7c00 JavaThread "Signal Dispatcher" daemon [_thread_blocked, id=72236, stack(0x15980000,0x159d0000)]
  0x154dac00 JavaThread "Finalizer" daemon [_thread_blocked, id=157592, stack(0x157e0000,0x15830000)]
  0x154c4c00 JavaThread "Reference Handler" daemon [_thread_blocked, id=160884, stack(0x15750000,0x157a0000)]
=>0x015bd000 JavaThread "main" [_thread_in_native, id=160852, stack(0x02d40000,0x02d90000)]

Other Threads:
  0x02e8e400 VMThread [stack: 0x156c0000,0x15710000] [id=160796]
  0x154f5c00 WatcherThread [stack: 0x15bc0000,0x15c10000] [id=64952]

VM state:not at safepoint (normal execution)

VM Mutex/Monitor currently owned by a thread: None

Heap:
 def new generation   total 4928K, used 1863K [0x05000000, 0x05550000, 0x0a550000)
  eden space 4416K,  34% used [0x05000000, 0x05178030, 0x05450000)
  from space 512K,  70% used [0x05450000, 0x054a9f98, 0x054d0000)
  to   space 512K,   0% used [0x054d0000, 0x054d0000, 0x05550000)
 tenured generation   total 10944K, used 2429K [0x0a550000, 0x0b000000, 0x15000000)
   the space 10944K,  22% used [0x0a550000, 0x0a7af7f0, 0x0a7af800, 0x0b000000)
 Metaspace       used 7566K, capacity 7700K, committed 7808K, reserved 8576K

Card table byte_map: [0x04f20000,0x04fb0000] byte_map_base: 0x04ef8000

Polling page: 0x01580000

CodeCache: size=32768Kb used=1519Kb max_used=1519Kb free=31248Kb
 bounds [0x02ea0000, 0x03020000, 0x04ea0000]
 total_blobs=751 nmethods=592 adapters=89
 compilation: enabled

Compilation events (10 events):
Event: 16.252 Thread 0x154fac00  598             java.util.Vector::ensureCapacityHelper (16 bytes)
Event: 16.252 Thread 0x154fac00 nmethod 598 0x0301a4c8 code [0x0301a5d0, 0x0301a67c]
Event: 16.283 Thread 0x154fac00  599  s          java.util.Vector::addElement (38 bytes)
Event: 16.284 Thread 0x154fac00 nmethod 599 0x0301a708 code [0x0301a820, 0x0301aaac]
Event: 16.330 Thread 0x154fac00  600             com.google.common.collect.AbstractBiMap$KeySet$1::hasNext (10 bytes)
Event: 16.330 Thread 0x154fac00 nmethod 600 0x0301ac48 code [0x0301ad50, 0x0301adec]
Event: 16.408 Thread 0x154fac00  601   !         org.jboss.weld.util.reflection.HierarchyDiscovery::discoverFromClass (99 bytes)
Event: 16.408 Thread 0x154fac00 nmethod 601 0x0301ae48 code [0x0301b020, 0x0301b4e8]
Event: 16.629 Thread 0x154fac00  604             org.jboss.weld.util.collections.ArraySet::size (8 bytes)
Event: 16.629 Thread 0x154fac00 nmethod 604 0x0301bec8 code [0x0301bfc0, 0x0301c050]

GC Heap History (10 events):
Event: 0.765 GC heap before
{Heap before GC invocations=5 (full 0):
 def new generation   total 4928K, used 4927K [0x05000000, 0x05550000, 0x0a550000)
  eden space 4416K, 100% used [0x05000000, 0x05450000, 0x05450000)
  from space 512K,  99% used [0x054d0000, 0x0554fff8, 0x05550000)
  to   space 512K,   0% used [0x05450000, 0x05450000, 0x054d0000)
 tenured generation   total 10944K, used 1471K [0x0a550000, 0x0b000000, 0x15000000)
   the space 10944K,  13% used [0x0a550000, 0x0a6bfcf0, 0x0a6bfe00, 0x0b000000)
 Metaspace       used 5687K, capacity 5708K, committed 5760K, reserved 6528K
Event: 0.767 GC heap after
Heap after GC invocations=6 (full 0):
 def new generation   total 4928K, used 506K [0x05000000, 0x05550000, 0x0a550000)
  eden space 4416K,   0% used [0x05000000, 0x05000000, 0x05450000)
  from space 512K,  98% used [0x05450000, 0x054ceac0, 0x054d0000)
  to   space 512K,   0% used [0x054d0000, 0x054d0000, 0x05550000)
 tenured generation   total 10944K, used 1626K [0x0a550000, 0x0b000000, 0x15000000)
   the space 10944K,  14% used [0x0a550000, 0x0a6e6b90, 0x0a6e6c00, 0x0b000000)
 Metaspace       used 5687K, capacity 5708K, committed 5760K, reserved 6528K
}
Event: 0.942 GC heap before
{Heap before GC invocations=6 (full 0):
 def new generation   total 4928K, used 4922K [0x05000000, 0x05550000, 0x0a550000)
  eden space 4416K, 100% used [0x05000000, 0x05450000, 0x05450000)
  from space 512K,  98% used [0x05450000, 0x054ceac0, 0x054d0000)
  to   space 512K,   0% used [0x054d0000, 0x054d0000, 0x05550000)
 tenured generation   total 10944K, used 1626K [0x0a550000, 0x0b000000, 0x15000000)
   the space 10944K,  14% used [0x0a550000, 0x0a6e6b90, 0x0a6e6c00, 0x0b000000)
 Metaspace       used 6252K, capacity 6291K, committed 6400K, reserved 6528K
Event: 0.945 GC heap after
Heap after GC invocations=7 (full 0):
 def new generation   total 4928K, used 511K [0x05000000, 0x05550000, 0x0a550000)
  eden space 4416K,   0% used [0x05000000, 0x05000000, 0x05450000)
  from space 512K,  99% used [0x054d0000, 0x0554ffe8, 0x05550000)
  to   space 512K,   0% used [0x05450000, 0x05450000, 0x054d0000)
 tenured generation   total 10944K, used 1748K [0x0a550000, 0x0b000000, 0x15000000)
   the space 10944K,  15% used [0x0a550000, 0x0a705138, 0x0a705200, 0x0b000000)
 Metaspace       used 6252K, capacity 6291K, committed 6400K, reserved 6528K
}
Event: 1.082 GC heap before
{Heap before GC invocations=7 (full 0):
 def new generation   total 4928K, used 4927K [0x05000000, 0x05550000, 0x0a550000)
  eden space 4416K, 100% used [0x05000000, 0x05450000, 0x05450000)
  from space 512K,  99% used [0x054d0000, 0x0554ffe8, 0x05550000)
  to   space 512K,   0% used [0x05450000, 0x05450000, 0x054d0000)
 tenured generation   total 10944K, used 1748K [0x0a550000, 0x0b000000, 0x15000000)
   the space 10944K,  15% used [0x0a550000, 0x0a705138, 0x0a705200, 0x0b000000)
 Metaspace       used 6468K, capacity 6518K, committed 6656K, reserved 7552K
Event: 1.085 GC heap after
Heap after GC invocations=8 (full 0):
 def new generation   total 4928K, used 511K [0x05000000, 0x05550000, 0x0a550000)
  eden space 4416K,   0% used [0x05000000, 0x05000000, 0x05450000)
  from space 512K,  99% used [0x05450000, 0x054cfff8, 0x054d0000)
  to   space 512K,   0% used [0x054d0000, 0x054d0000, 0x05550000)
 tenured generation   total 10944K, used 2045K [0x0a550000, 0x0b000000, 0x15000000)
   the space 10944K,  18% used [0x0a550000, 0x0a74f588, 0x0a74f600, 0x0b000000)
 Metaspace       used 6468K, capacity 6518K, committed 6656K, reserved 7552K
}
Event: 1.190 GC heap before
{Heap before GC invocations=8 (full 0):
 def new generation   total 4928K, used 4927K [0x05000000, 0x05550000, 0x0a550000)
  eden space 4416K, 100% used [0x05000000, 0x05450000, 0x05450000)
  from space 512K,  99% used [0x05450000, 0x054cfff8, 0x054d0000)
  to   space 512K,   0% used [0x054d0000, 0x054d0000, 0x05550000)
 tenured generation   total 10944K, used 2045K [0x0a550000, 0x0b000000, 0x15000000)
   the space 10944K,  18% used [0x0a550000, 0x0a74f588, 0x0a74f600, 0x0b000000)
 Metaspace       used 6849K, capacity 6902K, committed 7040K, reserved 7552K
Event: 1.194 GC heap after
Heap after GC invocations=9 (full 0):
 def new generation   total 4928K, used 511K [0x05000000, 0x05550000, 0x0a550000)
  eden space 4416K,   0% used [0x05000000, 0x05000000, 0x05450000)
  from space 512K,  99% used [0x054d0000, 0x0554ffb8, 0x05550000)
  to   space 512K,   0% used [0x05450000, 0x05450000, 0x054d0000)
 tenured generation   total 10944K, used 2340K [0x0a550000, 0x0b000000, 0x15000000)
   the space 10944K,  21% used [0x0a550000, 0x0a7992f0, 0x0a799400, 0x0b000000)
 Metaspace       used 6849K, capacity 6902K, committed 7040K, reserved 7552K
}
Event: 8.791 GC heap before
{Heap before GC invocations=9 (full 0):
 def new generation   total 4928K, used 4927K [0x05000000, 0x05550000, 0x0a550000)
  eden space 4416K, 100% used [0x05000000, 0x05450000, 0x05450000)
  from space 512K,  99% used [0x054d0000, 0x0554ffb8, 0x05550000)
  to   space 512K,   0% used [0x05450000, 0x05450000, 0x054d0000)
 tenured generation   total 10944K, used 2340K [0x0a550000, 0x0b000000, 0x15000000)
   the space 10944K,  21% used [0x0a550000, 0x0a7992f0, 0x0a799400, 0x0b000000)
 Metaspace       used 7557K, capacity 7690K, committed 7808K, reserved 8576K
Event: 8.793 GC heap after
Heap after GC invocations=10 (full 0):
 def new generation   total 4928K, used 359K [0x05000000, 0x05550000, 0x0a550000)
  eden space 4416K,   0% used [0x05000000, 0x05000000, 0x05450000)
  from space 512K,  70% used [0x05450000, 0x054a9f98, 0x054d0000)
  to   space 512K,   0% used [0x054d0000, 0x054d0000, 0x05550000)
 tenured generation   total 10944K, used 2429K [0x0a550000, 0x0b000000, 0x15000000)
   the space 10944K,  22% used [0x0a550000, 0x0a7af7f0, 0x0a7af800, 0x0b000000)
 Metaspace       used 7557K, capacity 7690K, committed 7808K, reserved 8576K
}

Deoptimization events (0 events):
No events

Internal exceptions (10 events):
Event: 1.073 Thread 0x015bd000 Exception <a 'java/lang/ArrayIndexOutOfBoundsException'> (0x05419770) thrown at [C:\workspace\8-2-build-windows-i586-cygwin\jdk8u144\9417\hotspot\src\share\vm\runtime\sharedRuntime.cpp, line 605]
Event: 1.073 Thread 0x015bd000 Exception <a 'java/lang/ArrayIndexOutOfBoundsException'> (0x0541a8b8) thrown at [C:\workspace\8-2-build-windows-i586-cygwin\jdk8u144\9417\hotspot\src\share\vm\runtime\sharedRuntime.cpp, line 605]
Event: 1.073 Thread 0x015bd000 Exception <a 'java/lang/ArrayIndexOutOfBoundsException'> (0x0541c3b8) thrown at [C:\workspace\8-2-build-windows-i586-cygwin\jdk8u144\9417\hotspot\src\share\vm\runtime\sharedRuntime.cpp, line 605]
Event: 1.077 Thread 0x015bd000 Exception <a 'java/lang/ArrayIndexOutOfBoundsException'> (0x05428e70) thrown at [C:\workspace\8-2-build-windows-i586-cygwin\jdk8u144\9417\hotspot\src\share\vm\runtime\sharedRuntime.cpp, line 605]
Event: 1.077 Thread 0x015bd000 Exception <a 'java/lang/ArrayIndexOutOfBoundsException'> (0x05429f80) thrown at [C:\workspace\8-2-build-windows-i586-cygwin\jdk8u144\9417\hotspot\src\share\vm\runtime\sharedRuntime.cpp, line 605]
Event: 1.085 Thread 0x015bd000 Exception <a 'java/lang/ArrayIndexOutOfBoundsException'> (0x05002460) thrown at [C:\workspace\8-2-build-windows-i586-cygwin\jdk8u144\9417\hotspot\src\share\vm\runtime\sharedRuntime.cpp, line 605]
Event: 1.085 Thread 0x015bd000 Exception <a 'java/lang/ArrayIndexOutOfBoundsException'> (0x05003210) thrown at [C:\workspace\8-2-build-windows-i586-cygwin\jdk8u144\9417\hotspot\src\share\vm\runtime\sharedRuntime.cpp, line 605]
Event: 8.733 Thread 0x015bd000 Exception <a 'java/io/FileNotFoundException'> (0x05260730) thrown at [C:\workspace\8-2-build-windows-i586-cygwin\jdk8u144\9417\hotspot\src\share\vm\prims\jni.cpp, line 709]
Event: 8.762 Thread 0x015bd000 Exception <a 'java/lang/NoSuchFieldError': method resolution failed> (0x0531a978) thrown at [C:\workspace\8-2-build-windows-i586-cygwin\jdk8u144\9417\hotspot\src\share\vm\prims\methodHandles.cpp, line 1146]
Event: 8.763 Thread 0x015bd000 Exception <a 'java/lang/NoSuchFieldError': method resolution failed> (0x05326e60) thrown at [C:\workspace\8-2-build-windows-i586-cygwin\jdk8u144\9417\hotspot\src\share\vm\prims\methodHandles.cpp, line 1146]

Events (10 events):
Event: 16.628 loading class bwapi/UnitType
Event: 16.628 loading class bwapi/UnitType done
Event: 16.628 loading class java/lang/invoke/DirectMethodHandle$Special
Event: 16.628 loading class java/lang/invoke/DirectMethodHandle$Special done
Event: 16.628 loading class bwapi/UnitType
Event: 16.628 loading class bwapi/UnitType done
Event: 16.628 loading class org/Macro/ProductionManager
Event: 16.628 loading class org/Macro/ProductionManager done
Event: 16.628 loading class java/util/function/BiConsumer
Event: 16.628 loading class java/util/function/BiConsumer done


Dynamic libraries:
0x013b0000 - 0x013e3000 	C:\Program Files (x86)\Java\jdk1.8.0_144\bin\javaw.exe
0x77c60000 - 0x77de3000 	C:\WINDOWS\SYSTEM32\ntdll.dll
0x74b50000 - 0x74c30000 	C:\WINDOWS\System32\KERNEL32.DLL
0x74880000 - 0x74a21000 	C:\WINDOWS\System32\KERNELBASE.dll
0x76ef0000 - 0x76f67000 	C:\WINDOWS\System32\ADVAPI32.dll
0x76fc0000 - 0x7707e000 	C:\WINDOWS\System32\msvcrt.dll
0x76f70000 - 0x76fb1000 	C:\WINDOWS\System32\sechost.dll
0x77b90000 - 0x77c51000 	C:\WINDOWS\System32\RPCRT4.dll
0x74700000 - 0x7471e000 	C:\WINDOWS\System32\SspiCli.dll
0x746f0000 - 0x746fa000 	C:\WINDOWS\System32\CRYPTBASE.dll
0x76e80000 - 0x76eda000 	C:\WINDOWS\System32\bcryptPrimitives.dll
0x779a0000 - 0x77aff000 	C:\WINDOWS\System32\USER32.dll
0x76750000 - 0x76765000 	C:\WINDOWS\System32\win32u.dll
0x76d30000 - 0x76d5b000 	C:\WINDOWS\System32\GDI32.dll
0x74720000 - 0x7487a000 	C:\WINDOWS\System32\gdi32full.dll
0x729e0000 - 0x72bea000 	C:\WINDOWS\WinSxS\x86_microsoft.windows.common-controls_6595b64144ccf1df_6.0.14393.953_none_89c2555adb023171\COMCTL32.dll
0x77780000 - 0x77991000 	C:\WINDOWS\System32\combase.dll
0x77080000 - 0x77160000 	C:\WINDOWS\System32\ucrtbase.dll
0x76e00000 - 0x76e25000 	C:\WINDOWS\System32\IMM32.DLL
0x69680000 - 0x6973f000 	C:\Program Files (x86)\Java\jdk1.8.0_144\jre\bin\msvcr100.dll
0x692b0000 - 0x6967e000 	C:\Program Files (x86)\Java\jdk1.8.0_144\jre\bin\client\jvm.dll
0x74b40000 - 0x74b46000 	C:\WINDOWS\System32\PSAPI.DLL
0x703e0000 - 0x703e8000 	C:\WINDOWS\SYSTEM32\WSOCK32.dll
0x74d40000 - 0x74da3000 	C:\WINDOWS\System32\WS2_32.dll
0x72c20000 - 0x72c44000 	C:\WINDOWS\SYSTEM32\WINMM.dll
0x74630000 - 0x74638000 	C:\WINDOWS\SYSTEM32\VERSION.dll
0x72bf0000 - 0x72c13000 	C:\WINDOWS\SYSTEM32\WINMMBASE.dll
0x76cf0000 - 0x76d26000 	C:\WINDOWS\System32\cfgmgr32.dll
0x6ffe0000 - 0x6ffec000 	C:\Program Files (x86)\Java\jdk1.8.0_144\jre\bin\verify.dll
0x69280000 - 0x692a1000 	C:\Program Files (x86)\Java\jdk1.8.0_144\jre\bin\java.dll
0x6fb60000 - 0x6fb73000 	C:\Program Files (x86)\Java\jdk1.8.0_144\jre\bin\zip.dll
0x74db0000 - 0x76188000 	C:\WINDOWS\System32\SHELL32.dll
0x76190000 - 0x766fe000 	C:\WINDOWS\System32\windows.storage.dll
0x772b0000 - 0x772f5000 	C:\WINDOWS\System32\powrprof.dll
0x76e30000 - 0x76e76000 	C:\WINDOWS\System32\shlwapi.dll
0x76ee0000 - 0x76eed000 	C:\WINDOWS\System32\kernel.appcore.dll
0x77580000 - 0x77608000 	C:\WINDOWS\System32\shcore.dll
0x77570000 - 0x7757f000 	C:\WINDOWS\System32\profapi.dll
0x68070000 - 0x682f6000 	C:\Users\Turox\Documents\Broodwar_bot_neverdieTRX\MavenBot\TRX-Bot\bwapi_bridge2_5.dll
0x6acc0000 - 0x6ad27000 	C:\Users\Turox\Documents\Broodwar_bot_neverdieTRX\MavenBot\TRX-Bot\libgmp-10.dll
0x6f540000 - 0x6f59e000 	C:\Users\Turox\Documents\Broodwar_bot_neverdieTRX\MavenBot\TRX-Bot\libmpfr-4.dll
0x66fb0000 - 0x67021000 	C:\WINDOWS\SYSTEM32\MSVCP120.dll
0x65f20000 - 0x6600e000 	C:\WINDOWS\SYSTEM32\MSVCR120.dll
0x67f20000 - 0x68065000 	C:\Program Files (x86)\Java\jdk1.8.0_144\jre\bin\awt.dll
0x76d60000 - 0x76df4000 	C:\WINDOWS\System32\OLEAUT32.dll
0x77300000 - 0x7737b000 	C:\WINDOWS\System32\msvcp_win.dll
0x74650000 - 0x746e2000 	C:\WINDOWS\SYSTEM32\apphelp.dll
0x65a20000 - 0x65b65000 	C:\WINDOWS\SYSTEM32\dbghelp.dll

VM Arguments:
jvm_args: -Dfile.encoding=UTF-8 
java_command: TRX.TRX_Bot.App
java_class_path (initial): C:\Users\Turox\Documents\Broodwar_bot_neverdieTRX\MavenBot\TRX-Bot\target\classes;C:\Users\Turox\Documents\Broodwar_bot_neverdieTRX\MavenBot\TRX-Bot\DecisionMaker\target\classes;C:\Users\Turox\Documents\Broodwar_bot_neverdieTRX\MavenBot\TRX-Bot\DecisionMaker\target\test-classes;C:\Users\Turox\.m2\repository\junit\junit\3.8.1\junit-3.8.1.jar;C:\Users\Turox\Documents\Broodwar_bot_neverdieTRX\MavenBot\TRX-Bot\TRX-integration\target\classes;C:\Users\Turox\Documents\Broodwar_bot_neverdieTRX\MavenBot\TRX-Bot\TRX-integration\target\test-classes;C:\Users\Turox\.m2\repository\javax\servlet\servlet-api\2.5\servlet-api-2.5.jar;C:\Users\Turox\.m2\repository\javax\javaee-api\7.0\javaee-api-7.0.jar;C:\Users\Turox\.m2\repository\com\sun\mail\javax.mail\1.5.0\javax.mail-1.5.0.jar;C:\Users\Turox\.m2\repository\javax\activation\activation\1.1\activation-1.1.jar;C:\Users\Turox\.m2\repository\javax\inject\javax.inject\1\javax.inject-1.jar;C:\Users\Turox\.m2\repository\org\jboss\weld\se\weld-se\1.1.2.Final\weld-se-1.1.2.Final.jar;C:\Users\Turox\Documents\Broodwar_bot_neverdieTRX\MavenBot\TRX-Bot\ArmyMovement\target\classes;C:\Users\Turox\Documents\Broodwar_bot_neverdieTRX\MavenBot\TRX-Bot\ArmyMovement\target\test-classes;C:\Users\Turox\Documents\Broodwar_bot_neverdieTRX\MavenBot\TRX-Bot\TRX-bwapi-Facade\target\classes;C:\Users\Turox\Documents\Broodwar_bot_neverdieTRX\MavenBot\TRX-Bot\TRX-bwapi-Facade\target\test-classes;C:\Users\Turox\.m2\repository\bwmirror\bwmirror\2.5\bwmirror-2.5.jar;C:\Users\Turox\Documents\Broodwar_bot_neverdieTRX\MavenBot\TRX-Bot\Info\target\classes;C:\Users\Turox\Documents\Broodwar_bot_neverdieTRX\MavenBot\TRX-Bot\Info\target\test-classes;C:\Users\Turox\Documents\Broodwar_bot_neverdieTRX\MavenBot\TRX-Bot\Macro\target\classes;C:\Users\Turox\Documents\Broodwar_bot_neverdieTRX\MavenBot\TRX-Bot\Macro\target\test-classes
Launcher Type: SUN_STANDARD

Environment Variables:
JAVA_HOME=C:\Program Files (x86)\Java\jdk1.8.0_144
PATH=C:/Program Files/Java/jdk/bin/server;C:/Program Files/Java/jdk/bin;C:/Program Files/Java/jdk/lib/amd64;C:\ProgramData\Oracle\Java\javapath;C:\Program Files (x86)\Intel\iCLS Client\;C:\Program Files\Intel\iCLS Client\;C:\WINDOWS\system32;C:\WINDOWS;C:\WINDOWS\System32\Wbem;C:\WINDOWS\System32\WindowsPowerShell\v1.0\;C:\Program Files\Intel\Intel(R) Management Engine Components\DAL;C:\Program Files\Intel\Intel(R) Management Engine Components\IPT;C:\Program Files (x86)\Intel\Intel(R) Management Engine Components\DAL;C:\Program Files (x86)\Intel\Intel(R) Management Engine Components\IPT;C:\Program Files\Intel\WiFi\bin\;C:\Program Files\Common Files\Intel\WirelessCommon\;C:\Program Files (x86)\Brackets\command;C:\Program Files (x86)\NVIDIA Corporation\PhysX\Common;C:\WINDOWS\system32;C:\WINDOWS;C:\WINDOWS\System32\Wbem;C:\WINDOWS\System32\WindowsPowerShell\v1.0\;C:\Program Files (x86)\GtkSharp\2.12\bin;C:\Program Files\nodejs\;C:\Users\Turox\.dnx\bin;C:\Program Files\Microsoft DNX\Dnvm\;C:\Program Files (x86)\Windows Kits\10\Windows Performance Toolkit\;C:\Program Files\Git\cmd;C:\Program Files (x86)\Microsoft Emulator Manager\1.0\;C:\Users\Turox\AppData\Local\Android\android-sdk;C:\Program Files (x86)\Skype\Phone\;C:\Program Files\Intel\WiFi\bin\;C:\Program Files\Common Files\Intel\WirelessCommon\;C:\MinGW\bin;C:\Users\Turox\AppData\Local\Microsoft\WindowsApps;C:\Users\Turox\AppData\Roaming\npm;C:\Program Files\apache-maven-3.5.0\bin;C:\Users\Turox\Desktop;
USERNAME=Turox
OS=Windows_NT
PROCESSOR_IDENTIFIER=Intel64 Family 6 Model 60 Stepping 3, GenuineIntel



---------------  S Y S T E M  ---------------

OS: Windows 10.0 , 64 bit Build 14393 (10.0.14393.1198)

CPU:total 4 (initial active 4) (2 cores per cpu, 2 threads per core) family 6 model 60 stepping 3, cmov, cx8, fxsr, mmx, sse, sse2, sse3, ssse3, sse4.1, sse4.2, popcnt, avx, avx2, aes, clmul, erms, lzcnt, ht, tsc, tscinvbit, bmi1, bmi2

Memory: 4k page, physical 8306812k(1924424k free), swap 16695420k(8542068k free)

vm_info: Java HotSpot(TM) Client VM (25.144-b01) for windows-x86 JRE (1.8.0_144-b01), built on Jul 21 2017 21:58:05 by "java_re" with MS VC++ 10.0 (VS2010)

time: Wed Aug 09 15:06:48 2017
elapsed time: 16 seconds (0d 0h 0m 16s)

